mode: set
identity-go/internal/domain/entity/user.go:38.38,39.17 1 1
identity-go/internal/domain/entity/user.go:39.17,41.3 1 1
identity-go/internal/domain/entity/user.go:42.2,42.38 1 1
identity-go/internal/domain/entity/user.go:47.44,49.2 1 0
identity-go/internal/domain/entity/user.go:52.73,54.20 1 1
identity-go/internal/domain/entity/user.go:54.20,56.3 1 1
identity-go/internal/domain/entity/user.go:59.2,59.26 1 1
identity-go/internal/domain/entity/user.go:59.26,61.3 1 1
identity-go/internal/domain/entity/user.go:65.2,65.26 1 1
identity-go/internal/domain/entity/user.go:65.26,67.3 1 1
identity-go/internal/domain/entity/user.go:69.2,79.8 2 1
identity-go/internal/domain/entity/user.go:83.32,85.2 1 1
identity-go/internal/domain/entity/user.go:88.39,91.2 2 1
identity-go/internal/domain/entity/user.go:94.42,97.2 2 1
identity-go/internal/domain/entity/user.go:100.34,102.2 1 1
identity-go/internal/domain/entity/user.go:105.71,106.26 1 1
identity-go/internal/domain/entity/user.go:106.26,108.3 1 1
identity-go/internal/domain/entity/user.go:110.2,115.12 5 1
identity-go/internal/domain/entity/user.go:120.60,121.26 1 1
identity-go/internal/domain/entity/user.go:121.26,123.3 1 1
identity-go/internal/domain/entity/user.go:125.2,128.12 3 1
identity-go/internal/usecase/auth/login_usecase.go:46.97,51.2 1 1
identity-go/internal/usecase/auth/login_usecase.go:54.95,57.16 2 1
identity-go/internal/usecase/auth/login_usecase.go:57.16,59.3 1 1
identity-go/internal/usecase/auth/login_usecase.go:62.2,62.22 1 1
identity-go/internal/usecase/auth/login_usecase.go:62.22,64.3 1 1
identity-go/internal/usecase/auth/login_usecase.go:67.2,68.26 2 1
identity-go/internal/usecase/auth/login_usecase.go:68.26,70.3 1 1
identity-go/internal/usecase/auth/login_usecase.go:73.2,75.53 3 1
identity-go/internal/usecase/auth/login_usecase.go:75.54,78.3 0 0
identity-go/internal/usecase/auth/login_usecase.go:81.2,83.16 3 1
identity-go/internal/usecase/auth/login_usecase.go:83.16,85.3 1 1
identity-go/internal/usecase/auth/login_usecase.go:87.2,89.16 3 1
identity-go/internal/usecase/auth/login_usecase.go:89.16,91.3 1 0
identity-go/internal/usecase/auth/login_usecase.go:93.2,98.8 1 1
identity-go/internal/usecase/token/generate_token_usecase.go:72.108,77.2 1 1
identity-go/internal/usecase/token/generate_token_usecase.go:80.111,83.26 2 1
identity-go/internal/usecase/token/generate_token_usecase.go:83.26,85.3 1 1
identity-go/internal/usecase/token/generate_token_usecase.go:88.2,89.30 2 1
identity-go/internal/usecase/token/generate_token_usecase.go:89.30,91.3 1 1
identity-go/internal/usecase/token/generate_token_usecase.go:94.2,95.16 2 1
identity-go/internal/usecase/token/generate_token_usecase.go:95.16,97.3 1 1
identity-go/internal/usecase/token/generate_token_usecase.go:100.2,100.23 1 1
identity-go/internal/usecase/token/generate_token_usecase.go:101.34,102.57 1 1
identity-go/internal/usecase/token/generate_token_usecase.go:103.29,104.52 1 1
identity-go/internal/usecase/token/generate_token_usecase.go:105.34,106.57 1 1
identity-go/internal/usecase/token/generate_token_usecase.go:107.25,108.48 1 1
identity-go/internal/usecase/token/generate_token_usecase.go:109.10,110.34 1 0
identity-go/internal/usecase/token/generate_token_usecase.go:116.141,134.16 5 1
identity-go/internal/usecase/token/generate_token_usecase.go:134.16,136.3 1 1
identity-go/internal/usecase/token/generate_token_usecase.go:138.2,144.8 1 1
identity-go/internal/usecase/token/generate_token_usecase.go:148.136,156.9 1 1
identity-go/internal/usecase/token/generate_token_usecase.go:157.20,158.24 1 0
identity-go/internal/usecase/token/generate_token_usecase.go:159.10,159.10 0 1
identity-go/internal/usecase/token/generate_token_usecase.go:164.2,174.8 3 1
identity-go/internal/usecase/token/generate_token_usecase.go:178.139,186.45 1 1
identity-go/internal/usecase/token/generate_token_usecase.go:186.45,188.3 1 1
identity-go/internal/usecase/token/generate_token_usecase.go:194.2,205.8 3 1
identity-go/internal/usecase/token/generate_token_usecase.go:209.130,217.46 1 1
identity-go/internal/usecase/token/generate_token_usecase.go:217.46,219.3 1 1
identity-go/internal/usecase/token/generate_token_usecase.go:222.2,222.45 1 1
identity-go/internal/usecase/token/generate_token_usecase.go:222.45,224.3 1 0
identity-go/internal/usecase/token/generate_token_usecase.go:226.2,236.8 3 1
identity-go/internal/usecase/token/generate_token_usecase.go:240.49,243.2 1 1
identity-go/internal/infrastructure/auth/oauth2_provider.go:19.92,41.16 4 1
identity-go/internal/infrastructure/auth/oauth2_provider.go:41.16,43.3 1 0
identity-go/internal/infrastructure/auth/oauth2_provider.go:46.2,52.112 1 1
identity-go/internal/infrastructure/auth/oauth2_provider.go:52.112,52.138 1 0
identity-go/internal/infrastructure/auth/oauth2_provider.go:71.2,71.24 1 1
identity-go/internal/infrastructure/storage/memory_store.go:30.40,43.16 3 1
identity-go/internal/infrastructure/storage/memory_store.go:43.16,45.3 1 0
identity-go/internal/infrastructure/storage/memory_store.go:47.2,63.14 2 1
identity-go/internal/infrastructure/storage/memory_store.go:67.90,71.9 4 1
identity-go/internal/infrastructure/storage/memory_store.go:71.9,73.3 1 1
identity-go/internal/infrastructure/storage/memory_store.go:74.2,74.20 1 1
identity-go/internal/infrastructure/storage/memory_store.go:78.88,81.44 3 1
identity-go/internal/infrastructure/storage/memory_store.go:81.44,82.28 1 1
identity-go/internal/infrastructure/storage/memory_store.go:82.28,86.4 2 1
identity-go/internal/infrastructure/storage/memory_store.go:88.3,88.77 1 1
identity-go/internal/infrastructure/storage/memory_store.go:91.2,91.12 1 1
identity-go/internal/infrastructure/storage/memory_store.go:95.101,98.51 3 1
identity-go/internal/infrastructure/storage/memory_store.go:98.51,100.36 1 1
identity-go/internal/infrastructure/storage/memory_store.go:100.36,102.4 1 1
identity-go/internal/infrastructure/storage/memory_store.go:105.2,107.12 3 1
identity-go/internal/infrastructure/storage/memory_store.go:111.118,116.2 4 1
identity-go/internal/infrastructure/storage/memory_store.go:119.133,123.9 4 1
identity-go/internal/infrastructure/storage/memory_store.go:123.9,125.3 1 1
identity-go/internal/infrastructure/storage/memory_store.go:126.2,126.17 1 1
identity-go/internal/infrastructure/storage/memory_store.go:130.96,135.2 4 1
identity-go/internal/infrastructure/storage/memory_store.go:138.121,143.2 4 1
identity-go/internal/infrastructure/storage/memory_store.go:146.136,151.9 5 1
identity-go/internal/infrastructure/storage/memory_store.go:151.9,153.3 1 1
identity-go/internal/infrastructure/storage/memory_store.go:154.2,154.17 1 1
identity-go/internal/infrastructure/storage/memory_store.go:158.95,165.2 6 1
identity-go/internal/infrastructure/storage/memory_store.go:168.88,171.2 2 1
identity-go/internal/infrastructure/storage/memory_store.go:176.139,179.45 3 1
identity-go/internal/infrastructure/storage/memory_store.go:179.45,181.3 1 1
identity-go/internal/infrastructure/storage/memory_store.go:182.2,183.12 2 1
identity-go/internal/infrastructure/storage/memory_store.go:187.137,191.47 3 1
identity-go/internal/infrastructure/storage/memory_store.go:191.47,192.45 1 1
identity-go/internal/infrastructure/storage/memory_store.go:192.45,195.4 1 1
identity-go/internal/infrastructure/storage/memory_store.go:198.2,198.120 1 1
identity-go/internal/infrastructure/storage/memory_store.go:202.96,207.54 4 1
identity-go/internal/infrastructure/storage/memory_store.go:207.54,208.43 1 1
identity-go/internal/infrastructure/storage/memory_store.go:208.43,212.43 3 1
identity-go/internal/infrastructure/storage/memory_store.go:212.43,214.5 1 1
identity-go/internal/infrastructure/storage/memory_store.go:215.4,215.9 1 1
identity-go/internal/infrastructure/storage/memory_store.go:218.2,218.12 1 1
identity-go/internal/infrastructure/storage/memory_store.go:218.12,220.3 1 0
identity-go/internal/infrastructure/storage/memory_store.go:221.2,221.12 1 1
identity-go/internal/infrastructure/storage/memory_store.go:225.106,228.2 2 0
identity-go/internal/infrastructure/storage/memory_store.go:231.89,234.2 2 1
identity-go/internal/infrastructure/storage/memory_store.go:237.127,242.2 4 1
identity-go/internal/infrastructure/storage/memory_store.go:245.146,249.9 4 1
identity-go/internal/infrastructure/storage/memory_store.go:249.9,251.3 1 1
identity-go/internal/infrastructure/storage/memory_store.go:252.2,252.17 1 1
identity-go/internal/infrastructure/storage/memory_store.go:256.101,261.2 4 1
identity-go/internal/infrastructure/storage/memory_store.go:266.136,270.9 4 1
identity-go/internal/infrastructure/storage/memory_store.go:270.9,272.3 1 1
identity-go/internal/infrastructure/storage/memory_store.go:273.2,273.17 1 1
identity-go/internal/infrastructure/storage/memory_store.go:277.123,282.2 4 1
identity-go/internal/infrastructure/storage/memory_store.go:285.95,290.2 4 1
identity-go/internal/infrastructure/storage/memory_store.go:295.87,300.2 4 1
identity-go/internal/infrastructure/storage/memory_store.go:303.87,308.45 3 1
identity-go/internal/infrastructure/storage/memory_store.go:308.45,310.3 1 1
identity-go/internal/infrastructure/storage/memory_store.go:313.2,314.12 2 1
identity-go/internal/infrastructure/storage/memory_store.go:318.76,323.33 3 1
identity-go/internal/infrastructure/storage/memory_store.go:323.33,325.3 1 1
identity-go/internal/infrastructure/storage/memory_store.go:328.2,329.12 2 1
identity-go/internal/infrastructure/storage/memory_store.go:335.135,338.9 2 1
identity-go/internal/infrastructure/storage/memory_store.go:338.9,340.3 1 0
identity-go/internal/infrastructure/storage/memory_store.go:342.2,342.19 1 1
identity-go/internal/infrastructure/storage/memory_store.go:343.22,344.63 1 1
identity-go/internal/infrastructure/storage/memory_store.go:345.23,346.74 1 1
identity-go/internal/infrastructure/storage/memory_store.go:347.24,348.65 1 1
identity-go/internal/infrastructure/storage/memory_store.go:349.10,350.67 1 1
identity-go/internal/infrastructure/storage/memory_store.go:355.112,362.19 4 1
identity-go/internal/infrastructure/storage/memory_store.go:363.22,364.68 1 1
identity-go/internal/infrastructure/storage/memory_store.go:365.23,366.69 1 1
identity-go/internal/infrastructure/storage/memory_store.go:367.24,368.70 1 0
identity-go/internal/infrastructure/storage/memory_store.go:369.10,370.72 1 0
identity-go/internal/infrastructure/storage/memory_store.go:373.2,373.23 1 1
identity-go/internal/infrastructure/storage/memory_store.go:377.100,378.19 1 1
identity-go/internal/infrastructure/storage/memory_store.go:379.22,380.52 1 1
identity-go/internal/infrastructure/storage/memory_store.go:381.23,382.53 1 0
identity-go/internal/infrastructure/storage/memory_store.go:383.24,384.58 1 0
identity-go/internal/infrastructure/storage/memory_store.go:385.10,386.67 1 0
identity-go/internal/infrastructure/storage/memory_store.go:391.100,392.19 1 1
identity-go/internal/infrastructure/storage/memory_store.go:393.22,394.45 1 0
identity-go/internal/infrastructure/storage/memory_store.go:395.23,396.46 1 1
identity-go/internal/infrastructure/storage/memory_store.go:397.10,398.84 1 0
identity-go/internal/infrastructure/storage/memory_store.go:405.115,408.9 2 1
identity-go/internal/infrastructure/storage/memory_store.go:408.9,410.3 1 0
identity-go/internal/infrastructure/storage/memory_store.go:412.2,412.21 1 1
identity-go/internal/infrastructure/storage/memory_store.go:413.16,414.58 1 1
identity-go/internal/infrastructure/storage/memory_store.go:415.14,416.56 1 1
identity-go/internal/infrastructure/storage/memory_store.go:417.10,418.71 1 1
identity-go/internal/infrastructure/storage/memory_store.go:423.109,427.21 2 1
identity-go/internal/infrastructure/storage/memory_store.go:428.16,431.60 2 0
identity-go/internal/infrastructure/storage/memory_store.go:432.14,433.51 1 1
identity-go/internal/infrastructure/storage/memory_store.go:434.10,435.76 1 0
identity-go/internal/infrastructure/storage/memory_store.go:440.97,441.21 1 1
identity-go/internal/infrastructure/storage/memory_store.go:442.16,443.47 1 0
identity-go/internal/infrastructure/storage/memory_store.go:444.14,445.45 1 1
identity-go/internal/infrastructure/storage/memory_store.go:446.10,447.71 1 0
identity-go/internal/infrastructure/storage/memory_store.go:452.76,454.2 1 0
identity-go/internal/infrastructure/storage/memory_store.go:457.93,459.2 1 0
identity-go/cmd/identity/main.go:17.13,22.21 3 0
identity-go/cmd/identity/main.go:22.21,24.3 1 0
identity-go/cmd/identity/main.go:27.2,42.12 4 0
identity-go/cmd/identity/main.go:42.12,43.77 1 0
identity-go/cmd/identity/main.go:43.77,45.4 1 0
identity-go/cmd/identity/main.go:48.2,64.42 8 0
identity-go/cmd/identity/main.go:64.42,66.3 1 0
identity-go/cmd/identity/main.go:68.2,68.47 1 0
